<?xml version="1.0" encoding="UTF-8" ?>
<testsuite tests="1" failures="0" name="com.jam2in.httpapi.HelloArcusTest" time="35.014" errors="1" skipped="0">
  <properties>
    <property name="java.runtime.name" value="Java(TM) SE Runtime Environment"/>
    <property name="sun.boot.library.path" value="C:\Program Files\Java\jre1.8.0_191\bin"/>
    <property name="java.vm.version" value="25.191-b12"/>
    <property name="java.vm.vendor" value="Oracle Corporation"/>
    <property name="maven.multiModuleProjectDirectory" value="C:\Users\jam2in\2019_arcus-api\workspace\Arcus-http-api"/>
    <property name="java.vendor.url" value="http://java.oracle.com/"/>
    <property name="path.separator" value=";"/>
    <property name="guice.disable.misplaced.annotation.check" value="true"/>
    <property name="java.vm.name" value="Java HotSpot(TM) 64-Bit Server VM"/>
    <property name="file.encoding.pkg" value="sun.io"/>
    <property name="user.script" value=""/>
    <property name="user.country" value="KR"/>
    <property name="sun.java.launcher" value="SUN_STANDARD"/>
    <property name="sun.os.patch.level" value=""/>
    <property name="java.vm.specification.name" value="Java Virtual Machine Specification"/>
    <property name="user.dir" value="C:\Users\jam2in\2019_arcus-api\workspace\Arcus-http-api"/>
    <property name="java.runtime.version" value="1.8.0_191-b12"/>
    <property name="java.awt.graphicsenv" value="sun.awt.Win32GraphicsEnvironment"/>
    <property name="java.endorsed.dirs" value="C:\Program Files\Java\jre1.8.0_191\lib\endorsed"/>
    <property name="os.arch" value="amd64"/>
    <property name="java.io.tmpdir" value="C:\Users\jam2in\AppData\Local\Temp\"/>
    <property name="line.separator" value="
"/>
    <property name="java.vm.specification.vendor" value="Oracle Corporation"/>
    <property name="user.variant" value=""/>
    <property name="os.name" value="Windows 10"/>
    <property name="classworlds.conf" value="C:\Users\jam2in\2019_arcus-api\workspace\.metadata\.plugins\org.eclipse.m2e.launching\launches\m2conf9017863920365714502.tmp"/>
    <property name="sun.jnu.encoding" value="MS949"/>
    <property name="java.library.path" value="C:\Program Files\Java\jre1.8.0_191\bin;C:\WINDOWS\Sun\Java\bin;C:\WINDOWS\system32;C:\WINDOWS;C:/Program Files/Java/jre1.8.0_191/bin/server;C:/Program Files/Java/jre1.8.0_191/bin;C:/Program Files/Java/jre1.8.0_191/lib/amd64;C:\Program Files (x86)\Common Files\Oracle\Java\javapath;C:\WINDOWS\system32;C:\WINDOWS;C:\WINDOWS\System32\Wbem;C:\WINDOWS\System32\WindowsPowerShell\v1.0\;C:\WINDOWS\System32\OpenSSH\;C:\Program Files\Java\jdk1.8.0_191\bin;C:\Program Files\Git\cmd;C:\Users\jam2in\dev\jdk1.8.0_191\bin;C:\Users\jam2in\AppData\Local\Microsoft\WindowsApps;C:\Program Files\Bandizip\;C:\Users\jam2in\dev\eclipse;;."/>
    <property name="java.specification.name" value="Java Platform API Specification"/>
    <property name="java.class.version" value="52.0"/>
    <property name="sun.management.compiler" value="HotSpot 64-Bit Tiered Compilers"/>
    <property name="os.version" value="10.0"/>
    <property name="user.home" value="C:\Users\jam2in"/>
    <property name="user.timezone" value="Asia/Seoul"/>
    <property name="java.awt.printerjob" value="sun.awt.windows.WPrinterJob"/>
    <property name="java.specification.version" value="1.8"/>
    <property name="file.encoding" value="MS949"/>
    <property name="user.name" value="jam2in"/>
    <property name="java.class.path" value="C:\Users\jam2in\.p2\pool\plugins\org.eclipse.m2e.maven.runtime_1.10.0.20181127-2120\jars\plexus-classworlds-2.5.2.jar"/>
    <property name="java.vm.specification.version" value="1.8"/>
    <property name="sun.arch.data.model" value="64"/>
    <property name="java.home" value="C:\Program Files\Java\jre1.8.0_191"/>
    <property name="sun.java.command" value="org.codehaus.plexus.classworlds.launcher.Launcher -B -gs C:\Users\jam2in\dev\apache-maven-3.6.0\conf\settings.xml install"/>
    <property name="java.specification.vendor" value="Oracle Corporation"/>
    <property name="user.language" value="ko"/>
    <property name="awt.toolkit" value="sun.awt.windows.WToolkit"/>
    <property name="java.vm.info" value="mixed mode"/>
    <property name="java.version" value="1.8.0_191"/>
    <property name="java.ext.dirs" value="C:\Program Files\Java\jre1.8.0_191\lib\ext;C:\WINDOWS\Sun\Java\lib\ext"/>
    <property name="sun.boot.class.path" value="C:\Program Files\Java\jre1.8.0_191\lib\resources.jar;C:\Program Files\Java\jre1.8.0_191\lib\rt.jar;C:\Program Files\Java\jre1.8.0_191\lib\sunrsasign.jar;C:\Program Files\Java\jre1.8.0_191\lib\jsse.jar;C:\Program Files\Java\jre1.8.0_191\lib\jce.jar;C:\Program Files\Java\jre1.8.0_191\lib\charsets.jar;C:\Program Files\Java\jre1.8.0_191\lib\jfr.jar;C:\Program Files\Java\jre1.8.0_191\classes"/>
    <property name="java.vendor" value="Oracle Corporation"/>
    <property name="maven.home" value="C:\Users\jam2in\2019_arcus-api\workspace\Arcus-http-api\EMBEDDED"/>
    <property name="file.separator" value="\"/>
    <property name="java.vendor.url.bug" value="http://bugreport.sun.com/bugreport/"/>
    <property name="sun.cpu.endian" value="little"/>
    <property name="sun.io.unicode.encoding" value="UnicodeLittle"/>
    <property name="sun.desktop" value="windows"/>
    <property name="sun.cpu.isalist" value="amd64"/>
  </properties>
  <testcase classname="com.jam2in.httpapi.HelloArcusTest" name="listenHello" time="35.014">
    <error message="Can&apos;t initialize Arcus client." type="net.spy.memcached.ArcusClientException$InitializeClientException">net.spy.memcached.ArcusClientException$InitializeClientException: Can&apos;t initialize Arcus client.
	at net.spy.memcached.CacheManager.initZooKeeperClient(CacheManager.java:142)
	at net.spy.memcached.CacheManager.&lt;init&gt;(CacheManager.java:90)
	at net.spy.memcached.ArcusClient.createArcusClient(ArcusClient.java:306)
	at net.spy.memcached.ArcusClient.createArcusClient(ArcusClient.java:209)
	at com.jam2in.httpapi.HelloArcus.&lt;init&gt;(HelloArcus.java:30)
	at com.jam2in.httpapi.HelloArcusTest.&lt;init&gt;(HelloArcusTest.java:10)
	at sun.reflect.NativeConstructorAccessorImpl.newInstance0(Native Method)
	at sun.reflect.NativeConstructorAccessorImpl.newInstance(Unknown Source)
	at sun.reflect.DelegatingConstructorAccessorImpl.newInstance(Unknown Source)
	at java.lang.reflect.Constructor.newInstance(Unknown Source)
	at org.junit.runners.BlockJUnit4ClassRunner.createTest(BlockJUnit4ClassRunner.java:202)
	at org.junit.runners.BlockJUnit4ClassRunner$1.runReflectiveCall(BlockJUnit4ClassRunner.java:251)
	at org.junit.internal.runners.model.ReflectiveCallable.run(ReflectiveCallable.java:15)
	at org.junit.runners.BlockJUnit4ClassRunner.methodBlock(BlockJUnit4ClassRunner.java:248)
	at org.junit.runners.BlockJUnit4ClassRunner.runChild(BlockJUnit4ClassRunner.java:76)
	at org.junit.runners.BlockJUnit4ClassRunner.runChild(BlockJUnit4ClassRunner.java:50)
	at org.junit.runners.ParentRunner$3.run(ParentRunner.java:193)
	at org.junit.runners.ParentRunner$1.schedule(ParentRunner.java:52)
	at org.junit.runners.ParentRunner.runChildren(ParentRunner.java:191)
	at org.junit.runners.ParentRunner.access$000(ParentRunner.java:42)
	at org.junit.runners.ParentRunner$2.evaluate(ParentRunner.java:184)
	at org.junit.runners.ParentRunner.run(ParentRunner.java:236)
	at org.apache.maven.surefire.junit4.JUnit4Provider.execute(JUnit4Provider.java:252)
	at org.apache.maven.surefire.junit4.JUnit4Provider.executeTestSet(JUnit4Provider.java:141)
	at org.apache.maven.surefire.junit4.JUnit4Provider.invoke(JUnit4Provider.java:112)
	at sun.reflect.NativeMethodAccessorImpl.invoke0(Native Method)
	at sun.reflect.NativeMethodAccessorImpl.invoke(Unknown Source)
	at sun.reflect.DelegatingMethodAccessorImpl.invoke(Unknown Source)
	at java.lang.reflect.Method.invoke(Unknown Source)
	at org.apache.maven.surefire.util.ReflectionUtils.invokeMethodWithArray(ReflectionUtils.java:189)
	at org.apache.maven.surefire.booter.ProviderFactory$ProviderProxy.invoke(ProviderFactory.java:165)
	at org.apache.maven.surefire.booter.ProviderFactory.invokeProvider(ProviderFactory.java:85)
	at org.apache.maven.surefire.booter.ForkedBooter.runSuitesInProcess(ForkedBooter.java:115)
	at org.apache.maven.surefire.booter.ForkedBooter.main(ForkedBooter.java:75)
Caused by: org.apache.zookeeper.KeeperException$ConnectionLossException: KeeperErrorCode = ConnectionLoss for /arcus/cache_list/test
	at org.apache.zookeeper.KeeperException.create(KeeperException.java:99)
	at org.apache.zookeeper.KeeperException.create(KeeperException.java:51)
	at org.apache.zookeeper.ZooKeeper.exists(ZooKeeper.java:1041)
	at org.apache.zookeeper.ZooKeeper.exists(ZooKeeper.java:1069)
	at net.spy.memcached.CacheManager.initZooKeeperClient(CacheManager.java:111)
	... 33 more
</error>
    <system-out>INFO : net.spy.memcached.CacheManager - Trying to connect to Arcus admin(test@192.168.0.155:2181)
INFO : org.apache.zookeeper.ZooKeeper - Client environment:zookeeper.version=3.4.5-1392090, built on 09/30/2012 17:52 GMT
INFO : org.apache.zookeeper.ZooKeeper - Client environment:host.name=DESKTOP-B91ST51
INFO : org.apache.zookeeper.ZooKeeper - Client environment:java.version=1.8.0_191
INFO : org.apache.zookeeper.ZooKeeper - Client environment:java.vendor=Oracle Corporation
INFO : org.apache.zookeeper.ZooKeeper - Client environment:java.home=C:\Program Files\Java\jre1.8.0_191
INFO : org.apache.zookeeper.ZooKeeper - Client environment:java.class.path=C:\Users\jam2in\2019_arcus-api\workspace\Arcus-http-api\target\test-classes;C:\Users\jam2in\2019_arcus-api\workspace\Arcus-http-api\target\classes;C:\Users\jam2in\dev\apache-maven-3.6.0\com\navercorp\arcus\arcus-java-client\1.8.0\arcus-java-client-1.8.0.jar;C:\Users\jam2in\dev\apache-maven-3.6.0\net\sf\ehcache\ehcache-core\2.6.0\ehcache-core-2.6.0.jar;C:\Users\jam2in\dev\apache-maven-3.6.0\org\apache\zookeeper\zookeeper\3.4.5\zookeeper-3.4.5.jar;C:\Users\jam2in\dev\apache-maven-3.6.0\jline\jline\0.9.94\jline-0.9.94.jar;C:\Users\jam2in\dev\apache-maven-3.6.0\org\jboss\netty\netty\3.2.2.Final\netty-3.2.2.Final.jar;C:\Users\jam2in\dev\apache-maven-3.6.0\com\fasterxml\jackson\core\jackson-databind\2.9.8\jackson-databind-2.9.8.jar;C:\Users\jam2in\dev\apache-maven-3.6.0\com\fasterxml\jackson\core\jackson-annotations\2.9.0\jackson-annotations-2.9.0.jar;C:\Users\jam2in\dev\apache-maven-3.6.0\com\fasterxml\jackson\core\jackson-core\2.9.8\jackson-core-2.9.8.jar;C:\Users\jam2in\dev\apache-maven-3.6.0\org\springframework\spring-context\4.3.9.RELEASE\spring-context-4.3.9.RELEASE.jar;C:\Users\jam2in\dev\apache-maven-3.6.0\org\springframework\spring-aop\4.3.9.RELEASE\spring-aop-4.3.9.RELEASE.jar;C:\Users\jam2in\dev\apache-maven-3.6.0\org\springframework\spring-beans\4.3.9.RELEASE\spring-beans-4.3.9.RELEASE.jar;C:\Users\jam2in\dev\apache-maven-3.6.0\org\springframework\spring-core\4.3.9.RELEASE\spring-core-4.3.9.RELEASE.jar;C:\Users\jam2in\dev\apache-maven-3.6.0\org\springframework\spring-expression\4.3.9.RELEASE\spring-expression-4.3.9.RELEASE.jar;C:\Users\jam2in\dev\apache-maven-3.6.0\org\springframework\spring-webmvc\4.3.9.RELEASE\spring-webmvc-4.3.9.RELEASE.jar;C:\Users\jam2in\dev\apache-maven-3.6.0\org\springframework\spring-web\4.3.9.RELEASE\spring-web-4.3.9.RELEASE.jar;C:\Users\jam2in\dev\apache-maven-3.6.0\org\aspectj\aspectjrt\1.6.10\aspectjrt-1.6.10.jar;C:\Users\jam2in\dev\apache-maven-3.6.0\org\aspectj\aspectjweaver\1.6.10\aspectjweaver-1.6.10.jar;C:\Users\jam2in\dev\apache-maven-3.6.0\org\aspectj\aspectjtools\1.6.10\aspectjtools-1.6.10.jar;C:\Users\jam2in\dev\apache-maven-3.6.0\org\slf4j\slf4j-api\1.6.6\slf4j-api-1.6.6.jar;C:\Users\jam2in\dev\apache-maven-3.6.0\org\slf4j\jcl-over-slf4j\1.6.6\jcl-over-slf4j-1.6.6.jar;C:\Users\jam2in\dev\apache-maven-3.6.0\org\slf4j\slf4j-log4j12\1.6.6\slf4j-log4j12-1.6.6.jar;C:\Users\jam2in\dev\apache-maven-3.6.0\log4j\log4j\1.2.15\log4j-1.2.15.jar;C:\Users\jam2in\dev\apache-maven-3.6.0\javax\inject\javax.inject\1\javax.inject-1.jar;C:\Users\jam2in\dev\apache-maven-3.6.0\javax\servlet\servlet-api\2.5\servlet-api-2.5.jar;C:\Users\jam2in\dev\apache-maven-3.6.0\javax\servlet\jsp\jsp-api\2.1\jsp-api-2.1.jar;C:\Users\jam2in\dev\apache-maven-3.6.0\javax\servlet\jstl\1.2\jstl-1.2.jar;C:\Users\jam2in\dev\apache-maven-3.6.0\org\springframework\spring-jdbc\4.3.9.RELEASE\spring-jdbc-4.3.9.RELEASE.jar;C:\Users\jam2in\dev\apache-maven-3.6.0\org\springframework\spring-tx\4.3.9.RELEASE\spring-tx-4.3.9.RELEASE.jar;C:\Users\jam2in\dev\apache-maven-3.6.0\mysql\mysql-connector-java\6.0.6\mysql-connector-java-6.0.6.jar;C:\Users\jam2in\dev\apache-maven-3.6.0\org\mybatis\mybatis\3.2.7\mybatis-3.2.7.jar;C:\Users\jam2in\dev\apache-maven-3.6.0\org\mybatis\mybatis-spring\1.2.2\mybatis-spring-1.2.2.jar;C:\Users\jam2in\dev\apache-maven-3.6.0\junit\junit\4.7\junit-4.7.jar;
INFO : org.apache.zookeeper.ZooKeeper - Client environment:java.library.path=C:\Program Files\Java\jre1.8.0_191\bin;C:\WINDOWS\Sun\Java\bin;C:\WINDOWS\system32;C:\WINDOWS;C:/Program Files/Java/jre1.8.0_191/bin/server;C:/Program Files/Java/jre1.8.0_191/bin;C:/Program Files/Java/jre1.8.0_191/lib/amd64;C:\Program Files (x86)\Common Files\Oracle\Java\javapath;C:\WINDOWS\system32;C:\WINDOWS;C:\WINDOWS\System32\Wbem;C:\WINDOWS\System32\WindowsPowerShell\v1.0\;C:\WINDOWS\System32\OpenSSH\;C:\Program Files\Java\jdk1.8.0_191\bin;C:\Program Files\Git\cmd;C:\Users\jam2in\dev\jdk1.8.0_191\bin;C:\Users\jam2in\AppData\Local\Microsoft\WindowsApps;C:\Program Files\Bandizip\;C:\Users\jam2in\dev\eclipse;;.
INFO : org.apache.zookeeper.ZooKeeper - Client environment:java.io.tmpdir=C:\Users\jam2in\AppData\Local\Temp\
INFO : org.apache.zookeeper.ZooKeeper - Client environment:java.compiler=&lt;NA&gt;
INFO : org.apache.zookeeper.ZooKeeper - Client environment:os.name=Windows 10
INFO : org.apache.zookeeper.ZooKeeper - Client environment:os.arch=amd64
INFO : org.apache.zookeeper.ZooKeeper - Client environment:os.version=10.0
INFO : org.apache.zookeeper.ZooKeeper - Client environment:user.name=jam2in
INFO : org.apache.zookeeper.ZooKeeper - Client environment:user.home=C:\Users\jam2in
INFO : org.apache.zookeeper.ZooKeeper - Client environment:user.dir=C:\Users\jam2in\2019_arcus-api\workspace\Arcus-http-api
INFO : org.apache.zookeeper.ZooKeeper - Initiating client connection, connectString=192.168.0.155:2181 sessionTimeout=15000 watcher=Thread[Thread-0,5,main]
INFO : org.apache.zookeeper.ClientCnxn - Opening socket connection to server 192.168.0.155/192.168.0.155:2181. Will not attempt to authenticate using SASL (unknown error)
INFO : org.apache.zookeeper.ClientCnxn - Client session timed out, have not heard from server in 15001ms for sessionid 0x0, closing socket connection and attempting reconnect
FATAL: net.spy.memcached.CacheManager - Unexpected exception. contact to Arcus administrator
INFO : net.spy.memcached.CacheManager - Close the ZooKeeper client. serviceCode=test, adminSessionId=0x0
INFO : org.apache.zookeeper.ClientCnxn - Opening socket connection to server 192.168.0.155/192.168.0.155:2181. Will not attempt to authenticate using SASL (unknown error)
INFO : org.apache.zookeeper.ZooKeeper - Session: 0x0 closed
INFO : org.apache.zookeeper.ClientCnxn - EventThread shut down
</system-out>
  </testcase>
</testsuite>